mode: set
github.com/photoview/photoview/api/log/context.go:10.13,12.2 1 1
github.com/photoview/photoview/api/log/context.go:18.50,19.16 1 1
github.com/photoview/photoview/api/log/context.go:19.16,21.3 1 1
github.com/photoview/photoview/api/log/context.go:23.2,24.19 2 1
github.com/photoview/photoview/api/log/context.go:24.19,26.3 1 1
github.com/photoview/photoview/api/log/context.go:28.2,29.9 2 1
github.com/photoview/photoview/api/log/context.go:29.9,31.3 1 0
github.com/photoview/photoview/api/log/context.go:33.2,33.12 1 1
github.com/photoview/photoview/api/log/context.go:36.66,40.2 3 1
github.com/photoview/photoview/api/log/default.go:8.58,10.2 1 1
github.com/photoview/photoview/api/log/default.go:13.57,15.2 1 1
github.com/photoview/photoview/api/log/default.go:18.57,20.2 1 1
github.com/photoview/photoview/api/log/default.go:23.58,25.2 1 1
