<?xml version="1.0" encoding="UTF-8" ?>
<testsuites>
    <testsuite name="src/components/albumTree/AlbumTree.test.tsx" timestamp="2026-09-13T18:26:59.793Z" hostname="Raspberry" tests="6" failures="0" errors="0" skipped="0" time="1.4620000000">
        <testcase classname="src/components/albumTree/AlbumTree.test.tsx" name="scrolls down to reveal the newly expanded children" time="0.6690000000">
        </testcase>
        <testcase classname="src/components/albumTree/AlbumTree.test.tsx" name="pins the expanded node to the top instead of hiding it" time="0.1400000000">
        </testcase>
        <testcase classname="src/components/albumTree/AlbumTree.test.tsx" name="filtering fetches children via one batched request instead of per node" time="0.3390000000">
        </testcase>
        <testcase classname="src/components/albumTree/AlbumTree.test.tsx" name="shows a message when the tree search fails, instead of rendering an empty tree silently" time="0.2910000000">
        </testcase>
        <testcase classname="src/components/albumTree/AlbumTree.test.tsx" name="selectFilteredNodes &gt; keeps every match reachable from its root" time="0.0170000000">
        </testcase>
        <testcase classname="src/components/albumTree/AlbumTree.test.tsx" name="selectFilteredNodes &gt; keeps everything when it fits, and says so" time="0.0030000000">
        </testcase>
    </testsuite>
</testsuites>
